<?xml version="1.0" encoding="UTF-8"?>
<!-- Generated by org.testng.reporters.JUnitReportReporter -->
<testsuite skipped="0" hostname="OlivaGallo-PC" name="case_2.Case_2_Test" tests="5" failures="0" timestamp="29 Jul 2019 19:58:33 GMT" time="20.965" errors="0">
  <testcase name="Login" time="1.056" classname="case_2.Case_2_Test"/>
  <testcase name="Community" time="8.330" classname="case_2.Case_2_Test"/>
  <testcase name="Blog" time="4.329" classname="case_2.Case_2_Test"/>
  <testcase name="ST" time="4.273" classname="case_2.Case_2_Test"/>
  <testcase name="TSIQ" time="2.977" classname="case_2.Case_2_Test"/>
</testsuite> <!-- case_2.Case_2_Test -->
