<?xml version="1.0" encoding="UTF-8"?>
<!-- Generated by org.testng.reporters.JUnitReportReporter -->
<testsuite skipped="0" hostname="OlivaGallo-PC" name="testCases.LoginTest" tests="1" failures="0" timestamp="20 Mar 2020 15:11:56 GMT" time="9.408" errors="0">
  <testcase name="processes" time="9.408" classname="testCases.LoginTest"/>
</testsuite> <!-- testCases.LoginTest -->
