<?xml version="1.0" encoding="UTF-8"?>
<!-- Generated by org.testng.reporters.JUnitReportReporter -->
<testsuite skipped="0" hostname="OlivaGallo-PC" name="testCases.DeleteGroupTest" tests="1" failures="0" timestamp="24 Mar 2020 19:53:03 GMT" time="9.622" errors="0">
  <testcase name="processes" time="9.622" classname="testCases.DeleteGroupTest"/>
</testsuite> <!-- testCases.DeleteGroupTest -->
