<?xml version="1.0" encoding="UTF-8"?>
<!-- Generated by org.testng.reporters.JUnitReportReporter -->
<testsuite skipped="0" hostname="OlivaGallo-PC" name="testCases.RemoveRoleFromGroupTest" tests="1" failures="0" timestamp="25 Mar 2020 18:11:57 GMT" time="6.733" errors="0">
  <testcase name="processes" time="6.733" classname="testCases.RemoveRoleFromGroupTest"/>
</testsuite> <!-- testCases.RemoveRoleFromGroupTest -->
