<?xml version="1.0" encoding="UTF-8"?>
<!-- Generated by org.testng.reporters.JUnitReportReporter -->
<testsuite skipped="0" hostname="OlivaGallo-PC" name="testCases.APItests" tests="2" failures="0" timestamp="25 Mar 2020 15:45:42 GMT" time="2.152" errors="0">
  <testcase name="requestMethodGet" time="1.585" classname="testCases.APItests"/>
  <testcase name="requestMethodPost" time="0.567" classname="testCases.APItests"/>
</testsuite> <!-- testCases.APItests -->
