<?xml version="1.0" encoding="UTF-8"?>
<!-- Generated by org.testng.reporters.JUnitReportReporter -->
<testsuite skipped="0" hostname="OlivaGallo-PC" name="case_3.Case_3_Test" tests="6" failures="0" timestamp="05 Aug 2019 15:34:06 GMT" time="19.191" errors="0">
  <testcase name="Login" time="3.579" classname="case_3.Case_3_Test"/>
  <testcase name="ViewList" time="2.968" classname="case_3.Case_3_Test"/>
  <testcase name="Search" time="3.980" classname="case_3.Case_3_Test"/>
  <testcase name="AddToCart" time="0.634" classname="case_3.Case_3_Test"/>
  <testcase name="Product" time="6.854" classname="case_3.Case_3_Test"/>
  <testcase name="WishList" time="1.176" classname="case_3.Case_3_Test"/>
</testsuite> <!-- case_3.Case_3_Test -->
