<?xml version="1.0" encoding="UTF-8"?>
<!-- Generated by org.testng.reporters.JUnitReportReporter -->
<testsuite skipped="0" hostname="OlivaGallo-PC" name="testCases.DeleteGroupTest" tests="1" failures="0" timestamp="25 Mar 2020 18:26:01 GMT" time="9.787" errors="0">
  <testcase name="processes" time="9.787" classname="testCases.DeleteGroupTest"/>
</testsuite> <!-- testCases.DeleteGroupTest -->
