<?xml version="1.0" encoding="UTF-8"?>
<!-- Generated by org.testng.reporters.JUnitReportReporter -->
<testsuite skipped="0" hostname="OlivaGallo-PC" name="testCases.LogoutTest" tests="1" failures="0" timestamp="20 Mar 2020 15:11:56 GMT" time="1.159" errors="0">
  <testcase name="processes" time="1.159" classname="testCases.LogoutTest"/>
</testsuite> <!-- testCases.LogoutTest -->
