<?xml version="1.0" encoding="UTF-8"?>
<!-- Generated by org.testng.reporters.JUnitReportReporter -->
<testsuite skipped="0" hostname="OlivaGallo-PC" name="testCases.LoginTest" tests="1" failures="0" timestamp="25 Mar 2020 18:26:01 GMT" time="8.376" errors="0">
  <testcase name="processes" time="8.376" classname="testCases.LoginTest"/>
</testsuite> <!-- testCases.LoginTest -->
