<?xml version="1.0" encoding="UTF-8"?>
<!-- Generated by org.testng.reporters.JUnitReportReporter -->
<testsuite skipped="0" hostname="OlivaGallo-PC" name="testCases.AddUserToGroupTest" tests="1" failures="0" timestamp="24 Mar 2020 19:08:45 GMT" time="8.584" errors="0">
  <testcase name="processes" time="8.584" classname="testCases.AddUserToGroupTest"/>
</testsuite> <!-- testCases.AddUserToGroupTest -->
