<?xml version="1.0" encoding="UTF-8"?>
<!-- Generated by org.testng.reporters.JUnitReportReporter -->
<testsuite skipped="0" hostname="OlivaGallo-PC" name="testCases.CreateNewGroupTest" tests="1" failures="0" timestamp="24 Mar 2020 16:16:59 GMT" time="9.717" errors="0">
  <testcase name="processes" time="9.717" classname="testCases.CreateNewGroupTest"/>
</testsuite> <!-- testCases.CreateNewGroupTest -->
