<?xml version="1.0" encoding="UTF-8"?>
<!-- Generated by org.testng.reporters.JUnitReportReporter -->
<testsuite skipped="0" hostname="OlivaGallo-PC" name="testCases.LogoutTest" tests="1" failures="0" timestamp="25 Mar 2020 18:26:01 GMT" time="0.514" errors="0">
  <testcase name="processes" time="0.514" classname="testCases.LogoutTest"/>
</testsuite> <!-- testCases.LogoutTest -->
