<?xml version="1.0" encoding="UTF-8"?>
<!-- Generated by org.testng.reporters.JUnitReportReporter -->
<testsuite skipped="0" hostname="OlivaGallo-PC" name="testCases.APItests" tests="2" failures="0" timestamp="25 Mar 2020 18:11:57 GMT" time="47.775" errors="0">
  <testcase name="requestMethodPost" time="11.187" classname="testCases.APItests"/>
  <testcase name="requestMethodGet" time="36.588" classname="testCases.APItests"/>
</testsuite> <!-- testCases.APItests -->
