<?xml version="1.0" encoding="UTF-8"?>
<!-- Generated by org.testng.reporters.JUnitReportReporter -->
<testsuite skipped="0" hostname="OlivaGallo-PC" name="testCases.AddRoleToGroupTest" tests="1" failures="0" timestamp="25 Mar 2020 18:11:57 GMT" time="12.431" errors="0">
  <testcase name="processes" time="12.431" classname="testCases.AddRoleToGroupTest"/>
</testsuite> <!-- testCases.AddRoleToGroupTest -->
