<?xml version="1.0" encoding="UTF-8"?>
<!-- Generated by org.testng.reporters.JUnitReportReporter -->
<testsuite skipped="0" hostname="OlivaGallo-PC" name="case_4.Case_4_Test" tests="6" failures="0" timestamp="06 Aug 2019 18:48:37 GMT" time="21.685" errors="0">
  <testcase name="Login" time="8.131" classname="case_4.Case_4_Test"/>
  <testcase name="Me" time="10.305" classname="case_4.Case_4_Test"/>
  <testcase name="EnterLocation" time="2.224" classname="case_4.Case_4_Test"/>
  <testcase name="SaveProfile" time="0.124" classname="case_4.Case_4_Test"/>
  <testcase name="EnterName" time="0.238" classname="case_4.Case_4_Test"/>
  <testcase name="Confirmation" time="0.663" classname="case_4.Case_4_Test"/>
</testsuite> <!-- case_4.Case_4_Test -->
