<?xml version="1.0" encoding="UTF-8"?>
<!-- Generated by org.testng.reporters.JUnitReportReporter -->
<testsuite skipped="0" hostname="OlivaGallo-PC" name="testCases.RemoveRoleFromGroupTest" tests="1" failures="0" timestamp="25 Mar 2020 18:26:01 GMT" time="6.779" errors="0">
  <testcase name="processes" time="6.779" classname="testCases.RemoveRoleFromGroupTest"/>
</testsuite> <!-- testCases.RemoveRoleFromGroupTest -->
