<?xml version="1.0" encoding="UTF-8"?>
<!-- Generated by org.testng.reporters.JUnitReportReporter -->
<testsuite skipped="0" hostname="OlivaGallo-PC" name="testCases.CreateNewGroupTest" tests="1" failures="0" timestamp="25 Mar 2020 16:04:33 GMT" time="9.329" errors="0">
  <testcase name="processes" time="9.329" classname="testCases.CreateNewGroupTest"/>
</testsuite> <!-- testCases.CreateNewGroupTest -->
