<?xml version="1.0" encoding="UTF-8"?>
<!-- Generated by org.testng.reporters.JUnitReportReporter -->
<testsuite skipped="0" hostname="OlivaGallo-PC" name="testCases.LoginTest" tests="1" failures="0" timestamp="23 Mar 2020 14:51:20 GMT" time="8.690" errors="0">
  <testcase name="processes" time="8.690" classname="testCases.LoginTest"/>
</testsuite> <!-- testCases.LoginTest -->
