<?xml version="1.0" encoding="UTF-8"?>
<!-- Generated by org.testng.reporters.JUnitReportReporter -->
<testsuite skipped="0" hostname="OlivaGallo-PC" name="testCases.APItests" tests="2" failures="0" timestamp="25 Mar 2020 16:04:33 GMT" time="2.340" errors="0">
  <testcase name="requestMethodPost" time="0.701" classname="testCases.APItests"/>
  <testcase name="requestMethodGet" time="1.639" classname="testCases.APItests"/>
</testsuite> <!-- testCases.APItests -->
