<?xml version="1.0" encoding="UTF-8"?>
<!-- Generated by org.testng.reporters.JUnitReportReporter -->
<testsuite skipped="0" hostname="OlivaGallo-PC" name="testCases.LoginTest" tests="1" failures="0" timestamp="24 Mar 2020 20:18:30 GMT" time="8.516" errors="0">
  <testcase name="processes" time="8.516" classname="testCases.LoginTest"/>
</testsuite> <!-- testCases.LoginTest -->
